<?xml version="1.0" encoding="UTF-8"?>
<testng-results ignored="0" total="3" passed="3" failed="0" skipped="0">
  <reporter-output>
  </reporter-output>
  <suite started-at="2018-09-11T15:28:29Z" name="Default suite" finished-at="2018-09-11T15:28:31Z" duration-ms="1786">
    <groups>
    </groups>
    <test started-at="2018-09-11T15:28:29Z" name="Default test" finished-at="2018-09-11T15:28:31Z" duration-ms="1786">
      <class name="getRequest.GetData">
        <test-method signature="testResponcecode()[pri:0, instance:getRequest.GetData@7748410a]" started-at="2018-09-11T15:28:29Z" name="testResponcecode" finished-at="2018-09-11T15:28:31Z" duration-ms="1405" status="PASS">
          <reporter-output>
          </reporter-output>
        </test-method> <!-- testResponcecode -->
        <test-method signature="testResponseEdit()[pri:0, instance:getRequest.GetData@7748410a]" started-at="2018-09-11T15:28:31Z" name="testResponseEdit" finished-at="2018-09-11T15:28:31Z" duration-ms="163" status="PASS">
          <reporter-output>
          </reporter-output>
        </test-method> <!-- testResponseEdit -->
        <test-method signature="testresponseBody()[pri:0, instance:getRequest.GetData@7748410a]" started-at="2018-09-11T15:28:31Z" name="testresponseBody" finished-at="2018-09-11T15:28:31Z" duration-ms="192" status="PASS">
          <reporter-output>
          </reporter-output>
        </test-method> <!-- testresponseBody -->
      </class> <!-- getRequest.GetData -->
    </test> <!-- Default test -->
  </suite> <!-- Default suite -->
</testng-results>
