<?xml version="1.0" encoding="UTF-8"?>
<testng-results ignored="0" total="3" passed="3" failed="0" skipped="0">
  <reporter-output>
  </reporter-output>
  <suite started-at="2018-09-11T13:30:13Z" name="Default suite" finished-at="2018-09-11T13:30:23Z" duration-ms="9990">
    <groups>
    </groups>
    <test started-at="2018-09-11T13:30:13Z" name="Default test" finished-at="2018-09-11T13:30:23Z" duration-ms="9990">
      <class name="getRequest.GetData">
        <test-method signature="testResponcecode()[pri:0, instance:getRequest.GetData@1807f5a7]" started-at="2018-09-11T13:30:13Z" name="testResponcecode" finished-at="2018-09-11T13:30:14Z" duration-ms="1662" status="PASS">
          <reporter-output>
          </reporter-output>
        </test-method> <!-- testResponcecode -->
        <test-method signature="testResponseEdit()[pri:0, instance:getRequest.GetData@1807f5a7]" started-at="2018-09-11T13:30:14Z" name="testResponseEdit" finished-at="2018-09-11T13:30:15Z" duration-ms="557" status="PASS">
          <reporter-output>
          </reporter-output>
        </test-method> <!-- testResponseEdit -->
        <test-method signature="testresponseBody()[pri:0, instance:getRequest.GetData@1807f5a7]" started-at="2018-09-11T13:30:15Z" name="testresponseBody" finished-at="2018-09-11T13:30:23Z" duration-ms="7746" status="PASS">
          <reporter-output>
          </reporter-output>
        </test-method> <!-- testresponseBody -->
      </class> <!-- getRequest.GetData -->
    </test> <!-- Default test -->
  </suite> <!-- Default suite -->
</testng-results>
