<?xml version="1.0" encoding="UTF-8"?>
<!-- Generated by org.testng.reporters.JUnitXMLReporter -->
<testsuite ignored="0" hostname="MKLT01826" failures="0" tests="3" name="Default test" time="1.786" errors="0" timestamp="11 Sep 2018 15:28:31 GMT">
  <testcase classname="getRequest.GetData" name="testResponcecode" time="1.405"/>
  <testcase classname="getRequest.GetData" name="testResponseEdit" time="0.163"/>
  <testcase classname="getRequest.GetData" name="testresponseBody" time="0.192"/>
</testsuite> <!-- Default test -->
